-----------------------------------------------------------------------------------
      name:  <unnamed>
       log:  D:/jazevedo/GitHub/myados/groupfunction/demo/stata18.log
  log type:  text
 opened on:   8 Aug 2024, 13:54:58
r; t=0.00 13:54:58

. 
.         cls
r; t=0.00 13:54:58

. 
.         clear all
r; t=0.02 13:54:58

.         set more off
r; t=0.00 13:54:58

.         set obs 300000
Number of observations (_N) was 0, now 300,000.
r; t=0.00 13:54:58

. 
.         version 13
r; t=0.00 13:54:58

.         set seed 458267
r; t=0.00 13:54:58

. 
.         gen region = int(runiform()*20)
r; t=0.04 13:54:58

. 
.         replace region = 1 if inrange(region,0,3)
(44,817 real changes made)
r; t=0.01 13:54:58

.         replace region = 2 if inrange(region,4,5)
(30,030 real changes made)
r; t=0.00 13:54:58

. 
. 
.         //Income per capita
.         forval z=1/200{
  2.                         gen x_`z' = region*runiform()*4000 + rnormal()*200
  3.         }
r; t=3.32 13:55:01

. 
. 
.         forval z=1/300{
  2.                         gen y`z' = runiform()*100 + (rnormal()*20)^2
  3.         }
r; t=5.08 13:55:06

. 
.         gen wtg = abs(rnormal())
r; t=0.02 13:55:06

. 
.         //time collapse
.         preserve
r; t=0.08 13:55:07

.         timer on 1
r; t=0.01 13:55:07

.         collapse (mean) y* x_* [aw=wtg], by(region)
r; t=4.39 13:55:11

.         timer off 1
r; t=0.00 13:55:11

.         restore
r; t=0.01 13:55:11

. 
.         //time fcollapse (Weights not supported)
.         preserve
r; t=0.08 13:55:11

.         timer on 2
r; t=0.01 13:55:11

.         fcollapse (mean) y* x_*, by(region)
r; t=7.55 13:55:19

.         timer off 2 
r; t=0.00 13:55:19

.         restore
r; t=0.00 13:55:19

. 
.         //time groupfunction
.         preserve 
r; t=0.09 13:55:19

.         timer on 3
r; t=0.01 13:55:19

.         groupfunction [aw=wtg], mean(y* x_*) by(region)
Traceback (most recent call last):
  File "<stdin>", line 1, in <module>
ModuleNotFoundError: No module named 'numpy'
Traceback (most recent call last):
  File "<stdin>", line 1, in <module>
ModuleNotFoundError: No module named 'numpy'
r; t=4.22 13:55:23

.         timer off 3
r; t=0.00 13:55:23

.         restore
r; t=0.02 13:55:23

. 
. 
.         di " Stata 18.5"
 Stata 18.5
r; t=0.00 13:55:23

. 
.         display  in r c(version)
13
r; t=0.00 13:55:23

.         which groupfunction
c:\ado\plus\g\groupfunction.ado
*!version 2.2           (28 Jan 2021)   
*! version 2.0          (21 March 2020)         cpbcalc 
r; t=0.00 13:55:23

. 
.         timer list
   1:      4.39 /        1 =       4.3890
   2:      7.56 /        1 =       7.5560
   3:      4.22 /        1 =       4.2180
r; t=0.00 13:55:23

. 
.         cd ${clone}
D:\jazevedo\GitHub\myados\groupfunction\src
r; t=0.00 13:55:23

.           
.         which groupfunction
.\g\groupfunction.ado
*!version 2.2.1 (7 Aug 2024)
*! version 2.0          (21 March 2020)         cpbcalc 
r; t=0.00 13:55:23

.           
.           //time groupfunction
.         preserve 
r; t=0.09 13:55:23

.         timer on 4
r; t=0.00 13:55:23

.         groupfunction [aw=wtg], mean(y* x_*) by(region)
r; t=3.13 13:55:26

.         timer off 4
r; t=0.00 13:55:26

.         restore
r; t=0.02 13:55:26

. 
.         timer list
   1:      4.39 /        1 =       4.3890
   2:      7.56 /        1 =       7.5560
   3:      4.22 /        1 =       4.2180
   4:      3.13 /        1 =       3.1260
r; t=0.00 13:55:26

. 
. 
. log close
      name:  <unnamed>
       log:  D:/jazevedo/GitHub/myados/groupfunction/demo/stata18.log
  log type:  text
 closed on:   8 Aug 2024, 13:55:26
-----------------------------------------------------------------------------------------------------------------------------------------
